2022-11-18 14:32:13.198 +05:30 [INF] Application Starting.
2022-11-18 14:32:14.390 +05:30 [INF] I am in index page
2022-11-18 14:33:18.991 +05:30 [INF] User created a new account with password.
2022-11-18 14:33:19.237 +05:30 [INF] I am in index page
2022-11-18 14:33:23.400 +05:30 [INF] I am in index page
2022-11-18 21:13:56.664 +05:30 [INF] Application Starting.
2022-11-18 21:13:58.473 +05:30 [INF] I am in index page
2022-11-18 21:21:29.078 +05:30 [INF] Application Starting.
2022-11-18 21:21:29.723 +05:30 [INF] I am in index page
2022-11-18 21:21:51.475 +05:30 [WRN] User account locked out.
2022-11-18 21:22:03.303 +05:30 [WRN] User account locked out.
2022-11-18 21:25:33.944 +05:30 [INF] Application Starting.
2022-11-18 21:25:34.744 +05:30 [INF] I am in index page
2022-11-18 21:28:04.442 +05:30 [INF] Application Starting.
2022-11-18 21:28:05.113 +05:30 [INF] I am in index page
2022-11-18 21:28:25.007 +05:30 [INF] User created a new account with password.
2022-11-18 21:28:25.307 +05:30 [INF] I am in index page
2022-11-18 21:28:27.986 +05:30 [INF] I am in index page
2022-11-18 21:28:42.377 +05:30 [INF] User logged in.
2022-11-18 21:28:43.099 +05:30 [INF] I am in index page
2022-11-18 21:29:12.351 +05:30 [INF] Application Starting.
2022-11-18 21:29:13.122 +05:30 [INF] I am in index page
2022-11-18 21:29:22.509 +05:30 [INF] User logged in.
2022-11-18 21:29:22.521 +05:30 [INF] I am in index page
2022-11-18 21:29:24.601 +05:30 [INF] I am in index page
