2022-09-26 20:07:10.828 +06:00 [INF] Application Starting.
2022-09-26 20:07:13.347 +06:00 [INF] I am in index page
2022-09-26 20:11:57.556 +06:00 [ERR] An unhandled exception has occurred while executing the request.
2022-09-26 20:11:57.753 +06:00 [ERR] An exception was thrown attempting to display the error page.
System.TypeLoadException: Could not load type 'AspNetCoreGeneratedDocument.Areas_Admin_Views_Course_Index+<ExecuteAsync>d__13#2' from assembly 'FirstDemo.Web, Version=1.0.0.0, Culture=neutral, PublicKeyToken=null'.
   at System.Reflection.CustomAttribute._CreateCaObject(RuntimeModule pModule, RuntimeType type, IRuntimeMethodInfo pCtor, Byte** ppBlob, Byte* pEndBlob, Int32* pcNamedArgs)
   at System.Reflection.CustomAttribute.AddCustomAttributes(ListBuilder`1& attributes, RuntimeModule decoratedModule, Int32 decoratedMetadataToken, RuntimeType attributeFilterType, Boolean mustBeInheritable, ListBuilder`1 derivedAttributes)
   at System.Reflection.CustomAttribute.GetCustomAttributes(RuntimeMethodInfo method, RuntimeType caType, Boolean inherit)
   at System.Reflection.RuntimeMethodInfo.GetCustomAttributes(Type attributeType, Boolean inherit)
   at System.Attribute.GetCustomAttributes(MemberInfo element, Type attributeType, Boolean inherit)
   at System.Reflection.CustomAttributeExtensions.GetCustomAttributes[T](MemberInfo element)
   at Microsoft.Extensions.StackTrace.Sources.StackTraceHelper.TryResolveStateMachineMethod(MethodBase& method, Type& declaringType)
   at Microsoft.Extensions.StackTrace.Sources.StackTraceHelper.GetMethodDisplayString(MethodBase method)
   at Microsoft.Extensions.StackTrace.Sources.StackTraceHelper.GetFrames(Exception exception, AggregateException& error)
   at Microsoft.Extensions.StackTrace.Sources.ExceptionDetailsProvider.GetStackFrames(Exception original)
   at Microsoft.Extensions.StackTrace.Sources.ExceptionDetailsProvider.GetDetails(Exception exception)+MoveNext()
   at Microsoft.AspNetCore.Diagnostics.RazorViews.ErrorPage.ExecuteAsync()
   at Microsoft.Extensions.RazorViews.BaseView.ExecuteAsync(HttpContext context)
   at Microsoft.AspNetCore.Diagnostics.EntityFrameworkCore.DatabaseDeveloperPageExceptionFilter.HandleExceptionAsync(ErrorContext errorContext, Func`2 next)
   at Microsoft.AspNetCore.Diagnostics.DeveloperExceptionPageMiddleware.Invoke(HttpContext context)
2022-09-26 20:17:22.412 +06:00 [INF] Application Starting.
2022-09-26 20:17:23.656 +06:00 [INF] I am in index page
2022-09-26 21:15:36.559 +06:00 [INF] Application Starting.
2022-09-26 21:15:38.034 +06:00 [INF] I am in index page
