2022-11-03 07:13:29.539 +06:00 [INF] Application Starting.
2022-11-03 07:13:31.803 +06:00 [INF] I am in index page
2022-11-03 07:13:35.489 +06:00 [INF] I am in index page
2022-11-03 07:16:37.847 +06:00 [INF] Application Starting.
2022-11-03 07:16:39.553 +06:00 [INF] I am in index page
2022-11-03 08:38:10.298 +06:00 [INF] Application Starting.
2022-11-03 08:38:11.417 +06:00 [INF] I am in index page
2022-11-03 08:39:13.140 +06:00 [INF] Application Starting.
2022-11-03 08:39:14.144 +06:00 [INF] I am in index page
2022-11-03 08:39:35.546 +06:00 [INF] Application Starting.
2022-11-03 08:39:36.925 +06:00 [INF] I am in index page
2022-11-03 08:41:04.623 +06:00 [INF] Application Starting.
2022-11-03 08:41:06.090 +06:00 [INF] I am in index page
2022-11-03 08:43:44.682 +06:00 [INF] Application Starting.
2022-11-03 08:43:46.029 +06:00 [INF] I am in index page
2022-11-03 08:44:40.446 +06:00 [INF] Application Starting.
2022-11-03 08:44:41.733 +06:00 [INF] I am in index page
2022-11-03 08:46:17.147 +06:00 [INF] Application Starting.
2022-11-03 08:46:18.732 +06:00 [INF] I am in index page
2022-11-03 23:09:59.407 +06:00 [FTL] Application start-up failed
Microsoft.Extensions.Hosting.HostFactoryResolver+HostingListener+StopTheHostException: Exception of type 'Microsoft.Extensions.Hosting.HostFactoryResolver+HostingListener+StopTheHostException' was thrown.
   at Microsoft.Extensions.Hosting.HostFactoryResolver.HostingListener.OnNext(KeyValuePair`2 value)
   at System.Diagnostics.DiagnosticListener.Write(String name, Object value)
   at Microsoft.Extensions.Hosting.HostBuilder.Build()
   at Microsoft.AspNetCore.Builder.WebApplicationBuilder.Build()
   at Program.<Main>$(String[] args) in F:\Development\ASP .NET\Repository\asp-net-mvc-practice\FirstDemo\FirstDemo.Web\Program.cs:line 56
2022-11-03 23:10:50.931 +06:00 [FTL] Application start-up failed
Microsoft.Extensions.Hosting.HostFactoryResolver+HostingListener+StopTheHostException: Exception of type 'Microsoft.Extensions.Hosting.HostFactoryResolver+HostingListener+StopTheHostException' was thrown.
   at Microsoft.Extensions.Hosting.HostFactoryResolver.HostingListener.OnNext(KeyValuePair`2 value)
   at System.Diagnostics.DiagnosticListener.Write(String name, Object value)
   at Microsoft.Extensions.Hosting.HostBuilder.Build()
   at Microsoft.AspNetCore.Builder.WebApplicationBuilder.Build()
   at Program.<Main>$(String[] args) in F:\Development\ASP .NET\Repository\asp-net-mvc-practice\FirstDemo\FirstDemo.Web\Program.cs:line 56
2022-11-03 23:11:14.749 +06:00 [FTL] Application start-up failed
Microsoft.Extensions.Hosting.HostFactoryResolver+HostingListener+StopTheHostException: Exception of type 'Microsoft.Extensions.Hosting.HostFactoryResolver+HostingListener+StopTheHostException' was thrown.
   at Microsoft.Extensions.Hosting.HostFactoryResolver.HostingListener.OnNext(KeyValuePair`2 value)
   at System.Diagnostics.DiagnosticListener.Write(String name, Object value)
   at Microsoft.Extensions.Hosting.HostBuilder.Build()
   at Microsoft.AspNetCore.Builder.WebApplicationBuilder.Build()
   at Program.<Main>$(String[] args) in F:\Development\ASP .NET\Repository\asp-net-mvc-practice\FirstDemo\FirstDemo.Web\Program.cs:line 56
2022-11-03 23:13:31.893 +06:00 [INF] Application Starting.
2022-11-03 23:13:34.029 +06:00 [INF] I am in index page
