2022-12-06 20:19:47.159 +06:00 [INF] Application is starting
2022-12-06 20:23:50.842 +06:00 [WRN] Invalid password for user.
2022-12-06 20:23:50.846 +06:00 [WRN] User failed to provide the correct password.
2022-12-06 20:24:45.577 +06:00 [INF] Application is starting
2022-12-06 21:32:03.338 +06:00 [INF] Application is starting
2022-12-06 21:36:08.865 +06:00 [INF] Application is starting
2022-12-06 21:37:05.523 +06:00 [ERR] An unhandled exception has occurred while executing the request.
System.ArgumentException: The string argument 'ordering' cannot be empty.
   at System.Linq.Dynamic.Core.Validation.Check.NotEmpty(String value, String parameterName)
   at System.Linq.Dynamic.Core.DynamicQueryableExtensions.InternalOrderBy(IQueryable source, ParsingConfig config, String ordering, Object comparer, Object[] args)
   at System.Linq.Dynamic.Core.DynamicQueryableExtensions.OrderBy(IQueryable source, ParsingConfig config, String ordering, Object[] args)
   at System.Linq.Dynamic.Core.DynamicQueryableExtensions.OrderBy[TSource](IQueryable`1 source, ParsingConfig config, String ordering, Object[] args)
   at System.Linq.Dynamic.Core.DynamicQueryableExtensions.OrderBy[TSource](IQueryable`1 source, String ordering, Object[] args)
   at FirstDemo.Infrastructure.Repositories.Repository`2.GetDynamic(Expression`1 filter, String orderBy, String includeProperties, Int32 pageIndex, Int32 pageSize, Boolean isTrackingOff) in F:\Development\ASP .NET\Repository\asp-net-mvc-practice\FirstDemo\FirstDemo.Infrastructure\Repositories\Repository.cs:line 169
   at FirstDemo.Infrastructure.Repositories.CourseRepository.GetCourses(Int32 pageIndex, Int32 pageSize, String searchText, String orderby) in F:\Development\ASP .NET\Repository\asp-net-mvc-practice\FirstDemo\FirstDemo.Infrastructure\Repositories\CourseRepository.cs:line 20
   at FirstDemo.Infrastructure.Services.CourseService.GetCourses(Int32 pageIndex, Int32 pageSize, String searchText, String orderby) in F:\Development\ASP .NET\Repository\asp-net-mvc-practice\FirstDemo\FirstDemo.Infrastructure\Services\CourseService.cs:line 73
   at FirstDemo.API.Models.CourseModel.GetPagedCourses(DataTablesAjaxRequestModel model) in F:\Development\ASP .NET\Repository\asp-net-mvc-practice\FirstDemo\FirstDemo.API\Models\CourseModel.cs:line 73
   at FirstDemo.API.Controllers.CourseController.Get() in F:\Development\ASP .NET\Repository\asp-net-mvc-practice\FirstDemo\FirstDemo.API\Controllers\CourseController.cs:line 30
   at Microsoft.AspNetCore.Mvc.Infrastructure.ActionMethodExecutor.SyncObjectResultExecutor.Execute(IActionResultTypeMapper mapper, ObjectMethodExecutor executor, Object controller, Object[] arguments)
   at Microsoft.AspNetCore.Mvc.Infrastructure.ControllerActionInvoker.InvokeActionMethodAsync()
   at Microsoft.AspNetCore.Mvc.Infrastructure.ControllerActionInvoker.Next(State& next, Scope& scope, Object& state, Boolean& isCompleted)
   at Microsoft.AspNetCore.Mvc.Infrastructure.ControllerActionInvoker.InvokeNextActionFilterAsync()
--- End of stack trace from previous location ---
   at Microsoft.AspNetCore.Mvc.Infrastructure.ControllerActionInvoker.Rethrow(ActionExecutedContextSealed context)
   at Microsoft.AspNetCore.Mvc.Infrastructure.ControllerActionInvoker.Next(State& next, Scope& scope, Object& state, Boolean& isCompleted)
   at Microsoft.AspNetCore.Mvc.Infrastructure.ControllerActionInvoker.InvokeInnerFilterAsync()
--- End of stack trace from previous location ---
   at Microsoft.AspNetCore.Mvc.Infrastructure.ResourceInvoker.<InvokeFilterPipelineAsync>g__Awaited|20_0(ResourceInvoker invoker, Task lastTask, State next, Scope scope, Object state, Boolean isCompleted)
   at Microsoft.AspNetCore.Mvc.Infrastructure.ResourceInvoker.<InvokeAsync>g__Awaited|17_0(ResourceInvoker invoker, Task task, IDisposable scope)
   at Microsoft.AspNetCore.Mvc.Infrastructure.ResourceInvoker.<InvokeAsync>g__Awaited|17_0(ResourceInvoker invoker, Task task, IDisposable scope)
   at Microsoft.AspNetCore.Routing.EndpointMiddleware.<Invoke>g__AwaitRequestTask|6_0(Endpoint endpoint, Task requestTask, ILogger logger)
   at Microsoft.AspNetCore.Authorization.Policy.AuthorizationMiddlewareResultHandler.HandleAsync(RequestDelegate next, HttpContext context, AuthorizationPolicy policy, PolicyAuthorizationResult authorizeResult)
   at Microsoft.AspNetCore.Authorization.AuthorizationMiddleware.Invoke(HttpContext context)
   at Swashbuckle.AspNetCore.SwaggerUI.SwaggerUIMiddleware.Invoke(HttpContext httpContext)
   at Swashbuckle.AspNetCore.Swagger.SwaggerMiddleware.Invoke(HttpContext httpContext, ISwaggerProvider swaggerProvider)
   at Microsoft.AspNetCore.Diagnostics.DeveloperExceptionPageMiddleware.Invoke(HttpContext context)
2022-12-06 21:38:18.522 +06:00 [INF] Application is starting
2022-12-06 21:38:54.391 +06:00 [INF] Application is starting
2022-12-06 21:39:13.188 +06:00 [ERR] An unhandled exception has occurred while executing the request.
System.ArgumentException: The string argument 'ordering' cannot be empty.
   at System.Linq.Dynamic.Core.Validation.Check.NotEmpty(String value, String parameterName)
   at System.Linq.Dynamic.Core.DynamicQueryableExtensions.InternalOrderBy(IQueryable source, ParsingConfig config, String ordering, Object comparer, Object[] args)
   at System.Linq.Dynamic.Core.DynamicQueryableExtensions.OrderBy(IQueryable source, ParsingConfig config, String ordering, Object[] args)
   at System.Linq.Dynamic.Core.DynamicQueryableExtensions.OrderBy[TSource](IQueryable`1 source, ParsingConfig config, String ordering, Object[] args)
   at System.Linq.Dynamic.Core.DynamicQueryableExtensions.OrderBy[TSource](IQueryable`1 source, String ordering, Object[] args)
   at FirstDemo.Infrastructure.Repositories.Repository`2.GetDynamic(Expression`1 filter, String orderBy, String includeProperties, Int32 pageIndex, Int32 pageSize, Boolean isTrackingOff) in F:\Development\ASP .NET\Repository\asp-net-mvc-practice\FirstDemo\FirstDemo.Infrastructure\Repositories\Repository.cs:line 169
   at FirstDemo.Infrastructure.Repositories.CourseRepository.GetCourses(Int32 pageIndex, Int32 pageSize, String searchText, String orderby) in F:\Development\ASP .NET\Repository\asp-net-mvc-practice\FirstDemo\FirstDemo.Infrastructure\Repositories\CourseRepository.cs:line 20
   at FirstDemo.Infrastructure.Services.CourseService.GetCourses(Int32 pageIndex, Int32 pageSize, String searchText, String orderby) in F:\Development\ASP .NET\Repository\asp-net-mvc-practice\FirstDemo\FirstDemo.Infrastructure\Services\CourseService.cs:line 73
   at FirstDemo.API.Models.CourseModel.GetPagedCourses(DataTablesAjaxRequestModel model) in F:\Development\ASP .NET\Repository\asp-net-mvc-practice\FirstDemo\FirstDemo.API\Models\CourseModel.cs:line 73
   at FirstDemo.API.Controllers.CourseController.Get() in F:\Development\ASP .NET\Repository\asp-net-mvc-practice\FirstDemo\FirstDemo.API\Controllers\CourseController.cs:line 31
   at Microsoft.AspNetCore.Mvc.Infrastructure.ActionMethodExecutor.SyncObjectResultExecutor.Execute(IActionResultTypeMapper mapper, ObjectMethodExecutor executor, Object controller, Object[] arguments)
   at Microsoft.AspNetCore.Mvc.Infrastructure.ControllerActionInvoker.InvokeActionMethodAsync()
   at Microsoft.AspNetCore.Mvc.Infrastructure.ControllerActionInvoker.Next(State& next, Scope& scope, Object& state, Boolean& isCompleted)
   at Microsoft.AspNetCore.Mvc.Infrastructure.ControllerActionInvoker.InvokeNextActionFilterAsync()
--- End of stack trace from previous location ---
   at Microsoft.AspNetCore.Mvc.Infrastructure.ControllerActionInvoker.Rethrow(ActionExecutedContextSealed context)
   at Microsoft.AspNetCore.Mvc.Infrastructure.ControllerActionInvoker.Next(State& next, Scope& scope, Object& state, Boolean& isCompleted)
   at Microsoft.AspNetCore.Mvc.Infrastructure.ControllerActionInvoker.InvokeInnerFilterAsync()
--- End of stack trace from previous location ---
   at Microsoft.AspNetCore.Mvc.Infrastructure.ResourceInvoker.<InvokeFilterPipelineAsync>g__Awaited|20_0(ResourceInvoker invoker, Task lastTask, State next, Scope scope, Object state, Boolean isCompleted)
   at Microsoft.AspNetCore.Mvc.Infrastructure.ResourceInvoker.<InvokeAsync>g__Awaited|17_0(ResourceInvoker invoker, Task task, IDisposable scope)
   at Microsoft.AspNetCore.Mvc.Infrastructure.ResourceInvoker.<InvokeAsync>g__Awaited|17_0(ResourceInvoker invoker, Task task, IDisposable scope)
   at Microsoft.AspNetCore.Routing.EndpointMiddleware.<Invoke>g__AwaitRequestTask|6_0(Endpoint endpoint, Task requestTask, ILogger logger)
   at Microsoft.AspNetCore.Authorization.Policy.AuthorizationMiddlewareResultHandler.HandleAsync(RequestDelegate next, HttpContext context, AuthorizationPolicy policy, PolicyAuthorizationResult authorizeResult)
   at Microsoft.AspNetCore.Authorization.AuthorizationMiddleware.Invoke(HttpContext context)
   at Swashbuckle.AspNetCore.SwaggerUI.SwaggerUIMiddleware.Invoke(HttpContext httpContext)
   at Swashbuckle.AspNetCore.Swagger.SwaggerMiddleware.Invoke(HttpContext httpContext, ISwaggerProvider swaggerProvider)
   at Microsoft.AspNetCore.Diagnostics.DeveloperExceptionPageMiddleware.Invoke(HttpContext context)
2022-12-06 21:39:50.869 +06:00 [INF] Application is starting
2022-12-06 21:41:16.322 +06:00 [INF] Application is starting
2022-12-06 21:41:44.011 +06:00 [ERR] An unhandled exception has occurred while executing the request.
Microsoft.AspNetCore.Routing.Matching.AmbiguousMatchException: The request matched multiple endpoints. Matches: 

FirstDemo.API.Controllers.CourseController.Get (FirstDemo.API)
FirstDemo.API.Controllers.CourseController.Get (FirstDemo.API)
   at Microsoft.AspNetCore.Routing.Matching.DefaultEndpointSelector.ReportAmbiguity(CandidateState[] candidateState)
   at Microsoft.AspNetCore.Routing.Matching.DefaultEndpointSelector.ProcessFinalCandidates(HttpContext httpContext, CandidateState[] candidateState)
   at Microsoft.AspNetCore.Routing.Matching.DefaultEndpointSelector.Select(HttpContext httpContext, CandidateState[] candidateState)
   at Microsoft.AspNetCore.Routing.Matching.DfaMatcher.MatchAsync(HttpContext httpContext)
   at Microsoft.AspNetCore.Routing.EndpointRoutingMiddleware.Invoke(HttpContext httpContext)
   at Microsoft.AspNetCore.Diagnostics.DeveloperExceptionPageMiddleware.Invoke(HttpContext context)
2022-12-06 21:41:46.167 +06:00 [ERR] An unhandled exception has occurred while executing the request.
Microsoft.AspNetCore.Routing.Matching.AmbiguousMatchException: The request matched multiple endpoints. Matches: 

FirstDemo.API.Controllers.CourseController.Get (FirstDemo.API)
FirstDemo.API.Controllers.CourseController.Get (FirstDemo.API)
   at Microsoft.AspNetCore.Routing.Matching.DefaultEndpointSelector.ReportAmbiguity(CandidateState[] candidateState)
   at Microsoft.AspNetCore.Routing.Matching.DefaultEndpointSelector.ProcessFinalCandidates(HttpContext httpContext, CandidateState[] candidateState)
   at Microsoft.AspNetCore.Routing.Matching.DefaultEndpointSelector.Select(HttpContext httpContext, CandidateState[] candidateState)
   at Microsoft.AspNetCore.Routing.Matching.DfaMatcher.MatchAsync(HttpContext httpContext)
   at Microsoft.AspNetCore.Routing.EndpointRoutingMiddleware.Invoke(HttpContext httpContext)
   at Microsoft.AspNetCore.Diagnostics.DeveloperExceptionPageMiddleware.Invoke(HttpContext context)
2022-12-06 21:42:08.734 +06:00 [ERR] An unhandled exception has occurred while executing the request.
Microsoft.AspNetCore.Routing.Matching.AmbiguousMatchException: The request matched multiple endpoints. Matches: 

FirstDemo.API.Controllers.CourseController.Get (FirstDemo.API)
FirstDemo.API.Controllers.CourseController.Get (FirstDemo.API)
   at Microsoft.AspNetCore.Routing.Matching.DefaultEndpointSelector.ReportAmbiguity(CandidateState[] candidateState)
   at Microsoft.AspNetCore.Routing.Matching.DefaultEndpointSelector.ProcessFinalCandidates(HttpContext httpContext, CandidateState[] candidateState)
   at Microsoft.AspNetCore.Routing.Matching.DefaultEndpointSelector.Select(HttpContext httpContext, CandidateState[] candidateState)
   at Microsoft.AspNetCore.Routing.Matching.DfaMatcher.MatchAsync(HttpContext httpContext)
   at Microsoft.AspNetCore.Routing.EndpointRoutingMiddleware.Invoke(HttpContext httpContext)
   at Microsoft.AspNetCore.Diagnostics.DeveloperExceptionPageMiddleware.Invoke(HttpContext context)
2022-12-06 21:42:34.362 +06:00 [ERR] An unhandled exception has occurred while executing the request.
Microsoft.AspNetCore.Routing.Matching.AmbiguousMatchException: The request matched multiple endpoints. Matches: 

FirstDemo.API.Controllers.CourseController.Get (FirstDemo.API)
FirstDemo.API.Controllers.CourseController.Get (FirstDemo.API)
   at Microsoft.AspNetCore.Routing.Matching.DefaultEndpointSelector.ReportAmbiguity(CandidateState[] candidateState)
   at Microsoft.AspNetCore.Routing.Matching.DefaultEndpointSelector.ProcessFinalCandidates(HttpContext httpContext, CandidateState[] candidateState)
   at Microsoft.AspNetCore.Routing.Matching.DefaultEndpointSelector.Select(HttpContext httpContext, CandidateState[] candidateState)
   at Microsoft.AspNetCore.Routing.Matching.DfaMatcher.MatchAsync(HttpContext httpContext)
   at Microsoft.AspNetCore.Routing.EndpointRoutingMiddleware.Invoke(HttpContext httpContext)
   at Microsoft.AspNetCore.Diagnostics.DeveloperExceptionPageMiddleware.Invoke(HttpContext context)
2022-12-06 21:43:04.201 +06:00 [ERR] An unhandled exception has occurred while executing the request.
Microsoft.AspNetCore.Routing.Matching.AmbiguousMatchException: The request matched multiple endpoints. Matches: 

FirstDemo.API.Controllers.CourseController.Get (FirstDemo.API)
FirstDemo.API.Controllers.CourseController.Get (FirstDemo.API)
   at Microsoft.AspNetCore.Routing.Matching.DefaultEndpointSelector.ReportAmbiguity(CandidateState[] candidateState)
   at Microsoft.AspNetCore.Routing.Matching.DefaultEndpointSelector.ProcessFinalCandidates(HttpContext httpContext, CandidateState[] candidateState)
   at Microsoft.AspNetCore.Routing.Matching.DefaultEndpointSelector.Select(HttpContext httpContext, CandidateState[] candidateState)
   at Microsoft.AspNetCore.Routing.Matching.DfaMatcher.MatchAsync(HttpContext httpContext)
   at Microsoft.AspNetCore.Routing.EndpointRoutingMiddleware.Invoke(HttpContext httpContext)
   at Microsoft.AspNetCore.Diagnostics.DeveloperExceptionPageMiddleware.Invoke(HttpContext context)
2022-12-06 21:44:20.068 +06:00 [INF] Application is starting
2022-12-06 21:45:27.029 +06:00 [ERR] An unhandled exception has occurred while executing the request.
Microsoft.AspNetCore.Routing.Matching.AmbiguousMatchException: The request matched multiple endpoints. Matches: 

FirstDemo.API.Controllers.CourseController.Get (FirstDemo.API)
FirstDemo.API.Controllers.CourseController.Get (FirstDemo.API)
   at Microsoft.AspNetCore.Routing.Matching.DefaultEndpointSelector.ReportAmbiguity(CandidateState[] candidateState)
   at Microsoft.AspNetCore.Routing.Matching.DefaultEndpointSelector.ProcessFinalCandidates(HttpContext httpContext, CandidateState[] candidateState)
   at Microsoft.AspNetCore.Routing.Matching.DefaultEndpointSelector.Select(HttpContext httpContext, CandidateState[] candidateState)
   at Microsoft.AspNetCore.Routing.Matching.DfaMatcher.MatchAsync(HttpContext httpContext)
   at Microsoft.AspNetCore.Routing.EndpointRoutingMiddleware.Invoke(HttpContext httpContext)
   at Microsoft.AspNetCore.Diagnostics.DeveloperExceptionPageMiddleware.Invoke(HttpContext context)
2022-12-06 21:47:03.215 +06:00 [INF] Application is starting
2022-12-06 21:47:03.441 +06:00 [FTL] Application start-up failed
System.ArgumentException: The route parameter name 'p3/name' is invalid. Route parameter names must be non-empty and cannot contain these characters: '{', '}', '/'. The '?' character marks a parameter as optional, and can occur only at the end of the parameter. The '*' character marks a parameter as catch-all, and can occur only at the start of the parameter. (Parameter 'routeTemplate')
 ---> Microsoft.AspNetCore.Routing.Patterns.RoutePatternException: The route parameter name 'p3/name' is invalid. Route parameter names must be non-empty and cannot contain these characters: '{', '}', '/'. The '?' character marks a parameter as optional, and can occur only at the end of the parameter. The '*' character marks a parameter as catch-all, and can occur only at the start of the parameter.
   at Microsoft.AspNetCore.Routing.Patterns.RoutePatternParser.Parse(String pattern)
   at Microsoft.AspNetCore.Routing.Patterns.RoutePatternFactory.Parse(String pattern)
   at Microsoft.AspNetCore.Routing.Template.TemplateParser.Parse(String routeTemplate)
   --- End of inner exception stack trace ---
   at Microsoft.AspNetCore.Routing.Template.TemplateParser.Parse(String routeTemplate)
   at Microsoft.AspNetCore.Mvc.ApplicationModels.InferParameterBindingInfoConvention.ParameterExistsInAnyRoute(ActionModel action, String parameterName)
   at Microsoft.AspNetCore.Mvc.ApplicationModels.InferParameterBindingInfoConvention.InferBindingSourceForParameter(ParameterModel parameter)
   at Microsoft.AspNetCore.Mvc.ApplicationModels.InferParameterBindingInfoConvention.InferParameterBindingSources(ActionModel action)
   at Microsoft.AspNetCore.Mvc.ApplicationModels.InferParameterBindingInfoConvention.Apply(ActionModel action)
   at Microsoft.AspNetCore.Mvc.ApplicationModels.ApiBehaviorApplicationModelProvider.OnProvidersExecuting(ApplicationModelProviderContext context)
   at Microsoft.AspNetCore.Mvc.ApplicationModels.ApplicationModelFactory.CreateApplicationModel(IEnumerable`1 controllerTypes)
   at Microsoft.AspNetCore.Mvc.ApplicationModels.ControllerActionDescriptorProvider.GetDescriptors()
   at Microsoft.AspNetCore.Mvc.ApplicationModels.ControllerActionDescriptorProvider.OnProvidersExecuting(ActionDescriptorProviderContext context)
   at Microsoft.AspNetCore.Mvc.Infrastructure.DefaultActionDescriptorCollectionProvider.UpdateCollection()
   at Microsoft.AspNetCore.Mvc.Infrastructure.DefaultActionDescriptorCollectionProvider.Initialize()
   at Microsoft.AspNetCore.Mvc.Routing.ActionEndpointDataSourceBase.<>c__DisplayClass11_0.<Subscribe>b__0()
   at Microsoft.Extensions.Primitives.ChangeToken.OnChange(Func`1 changeTokenProducer, Action changeTokenConsumer)
   at Microsoft.AspNetCore.Mvc.Routing.ActionEndpointDataSourceBase.Subscribe()
   at Microsoft.AspNetCore.Mvc.Routing.ControllerActionEndpointDataSource..ctor(ControllerActionEndpointDataSourceIdProvider dataSourceIdProvider, IActionDescriptorCollectionProvider actions, ActionEndpointFactory endpointFactory, OrderedEndpointsSequenceProvider orderSequence)
   at Microsoft.AspNetCore.Builder.ControllerEndpointRouteBuilderExtensions.GetOrCreateDataSource(IEndpointRouteBuilder endpoints)
   at Microsoft.AspNetCore.Builder.ControllerEndpointRouteBuilderExtensions.MapControllers(IEndpointRouteBuilder endpoints)
   at Program.<Main>$(String[] args) in F:\Development\ASP .NET\Repository\asp-net-mvc-practice\FirstDemo\FirstDemo.API\Program.cs:line 127
2022-12-06 21:47:14.705 +06:00 [INF] Application is starting
2022-12-06 21:47:31.399 +06:00 [INF] Application is starting
2022-12-06 21:52:56.063 +06:00 [INF] Application is starting
2022-12-06 21:53:27.843 +06:00 [ERR] Couldn't delete course
AutoMapper.AutoMapperMappingException: Missing type map configuration or unsupported mapping.

Mapping types:
CourseModel -> Course
FirstDemo.API.Models.CourseModel -> FirstDemo.Infrastructure.BusinessObjects.Course
   at lambda_method420(Closure , Object , Course , ResolutionContext )
   at FirstDemo.API.Models.CourseModel.CreateCourse() in F:\Development\ASP .NET\Repository\asp-net-mvc-practice\FirstDemo\FirstDemo.API\Models\CourseModel.cs:line 48
   at FirstDemo.API.Controllers.CourseController.Post(CourseModel model) in F:\Development\ASP .NET\Repository\asp-net-mvc-practice\FirstDemo\FirstDemo.API\Controllers\CourseController.cs:line 61
